[debug] [2021-01-29T09:11:37.337Z] ----------------------------------------------------------------------
[debug] [2021-01-29T09:11:37.353Z] Command:       C:\Program Files\nodejs\node.exe C:\Users\MOSS KHIANGTE\AppData\Roaming\npm\node_modules\firebase-tools\lib\bin\firebase.js emulators:start
[debug] [2021-01-29T09:11:37.356Z] CLI Version:   9.2.2
[debug] [2021-01-29T09:11:37.357Z] Platform:      win32
[debug] [2021-01-29T09:11:37.357Z] Node Version:  v14.15.1
[debug] [2021-01-29T09:11:37.364Z] Time:          Fri Jan 29 2021 01:11:37 GMT-0800 (Pacific Standard Time)
[debug] [2021-01-29T09:11:37.366Z] ----------------------------------------------------------------------
[debug] [2021-01-29T09:11:37.367Z] 
[debug] [2021-01-29T09:11:37.427Z] > command requires scopes: ["email","openid","https://www.googleapis.com/auth/cloudplatformprojects.readonly","https://www.googleapis.com/auth/firebase","https://www.googleapis.com/auth/cloud-platform"]
[debug] [2021-01-29T09:11:37.432Z] > authorizing via signed-in user
[info] i  emulators: Starting emulators: functions, hosting {"metadata":{"emulator":{"name":"hub"},"message":"Starting emulators: functions, hosting"}}
[debug] [2021-01-29T09:17:39.572Z] [hub] writing locator at C:\Users\MOSSKH~1\AppData\Local\Temp\hub-challenge-9e937.json
[warn] !  functions: The following emulators are not running, calls to these services from the Functions emulator will affect production: auth, firestore, database, pubsub {"metadata":{"emulator":{"name":"functions"},"message":"The following emulators are not running, calls to these services from the Functions emulator will affect production: \u001b[1mauth, firestore, database, pubsub\u001b[22m"}}
[warn] !  Your requested "node" version "12" doesn't match your global version "14" {"metadata":{"emulator":{"name":"functions"},"message":"Your requested \"node\" version \"12\" doesn't match your global version \"14\""}}
[debug] [2021-01-29T09:17:40.183Z] defaultcredentials: writing to file C:\Users\MOSS KHIANGTE\AppData\Roaming\firebase\moseschorei11_gmail_com_application_default_credentials.json
[debug] [2021-01-29T09:17:40.199Z] Setting GAC to C:\Users\MOSS KHIANGTE\AppData\Roaming\firebase\moseschorei11_gmail_com_application_default_credentials.json {"metadata":{"emulator":{"name":"functions"},"message":"Setting GAC to C:\\Users\\MOSS KHIANGTE\\AppData\\Roaming\\firebase\\moseschorei11_gmail_com_application_default_credentials.json"}}
[debug] [2021-01-29T09:17:40.217Z] > refreshing access token with scopes: []
[debug] [2021-01-29T09:17:40.222Z] >>> HTTP REQUEST POST https://www.googleapis.com/oauth2/v3/token  
 <request body omitted>
[debug] [2021-01-29T09:17:40.281Z] Failed to get Admin SDK config for challenge-9e937, falling back to cache Failed to get Admin SDK for Firebase project challenge-9e937. Please make sure the project exists and your account has permission to access it. {"name":"FirebaseError","children":[],"exit":2,"message":"Failed to get Admin SDK for Firebase project challenge-9e937. Please make sure the project exists and your account has permission to access it.","original":{"name":"FirebaseError","children":[],"exit":1,"message":"Authentication Error: Your credentials are no longer valid. Please run \u001b[1mfirebase login --reauth\u001b[22m\n\nFor CI servers and headless environments, generate a new token with \u001b[1mfirebase login:ci\u001b[22m","status":500},"status":500}
[debug] [2021-01-29T09:17:40.328Z] > refreshing access token with scopes: []
[debug] [2021-01-29T09:17:40.329Z] >>> HTTP REQUEST POST https://www.googleapis.com/oauth2/v3/token  
 <request body omitted>
[debug] [2021-01-29T09:17:40.359Z] fetchWebSetup error: FirebaseError: Authentication Error: Your credentials are no longer valid. Please run firebase login --reauth

For CI servers and headless environments, generate a new token with firebase login:ci
[warn] !  hosting: Using web app configuration from cache. 
[info] i  hosting: Serving hosting files from: build {"metadata":{"emulator":{"name":"hosting"},"message":"Serving hosting files from: \u001b[1mbuild\u001b[22m"}}
[info] +  hosting: Local server: http://localhost:5000 {"metadata":{"emulator":{"name":"hosting"},"message":"Local server: \u001b[4m\u001b[1mhttp://localhost:5000\u001b[22m\u001b[24m"}}
[debug] [2021-01-29T09:17:40.717Z] Ignoring unsupported arg: auto_download {"metadata":{"emulator":{"name":"ui"},"message":"Ignoring unsupported arg: auto_download"}}
[debug] [2021-01-29T09:17:40.718Z] Ignoring unsupported arg: port {"metadata":{"emulator":{"name":"ui"},"message":"Ignoring unsupported arg: port"}}
[debug] [2021-01-29T09:17:40.719Z] Starting Emulator UI with command {"binary":"node","args":["C:\\Users\\MOSS KHIANGTE\\.cache\\firebase\\emulators\\ui-v1.4.1\\server.bundle.js"],"optionalArgs":[],"joinArgs":false} {"metadata":{"emulator":{"name":"ui"},"message":"Starting Emulator UI with command {\"binary\":\"node\",\"args\":[\"C:\\\\Users\\\\MOSS KHIANGTE\\\\.cache\\\\firebase\\\\emulators\\\\ui-v1.4.1\\\\server.bundle.js\"],\"optionalArgs\":[],\"joinArgs\":false}"}}
[info] i  ui: Emulator UI logging to ui-debug.log {"metadata":{"emulator":{"name":"ui"},"message":"Emulator UI logging to \u001b[1mui-debug.log\u001b[22m"}}
[debug] [2021-01-29T09:17:41.959Z] Web / API server started at http://localhost:4000
 {"metadata":{"emulator":{"name":"ui"},"message":"Web / API server started at http://localhost:4000\n"}}
[info] i  functions: Watching "C:\amazonclone\amazon-clone\functions" for Cloud Functions... {"metadata":{"emulator":{"name":"functions"},"message":"Watching \"C:\\amazonclone\\amazon-clone\\functions\" for Cloud Functions..."}}
[debug] [2021-01-29T09:17:42.380Z] [worker-pool] addWorker(~diagnostic~) {"metadata":{"emulator":{"name":"functions"},"message":"[worker-pool] addWorker(~diagnostic~)"}}
[debug] [2021-01-29T09:17:42.382Z] [worker-pool] Adding worker with key ~diagnostic~, total=1 {"metadata":{"emulator":{"name":"functions"},"message":"[worker-pool] Adding worker with key ~diagnostic~, total=1"}}
[debug] [2021-01-29T09:17:42.383Z] [worker-pool] submitWork(triggerId=) {"metadata":{"emulator":{"name":"functions"},"message":"[worker-pool] submitWork(triggerId=)"}}
[debug] [2021-01-29T09:17:42.385Z] [worker-~diagnostic~-4a66f06e-88d3-48a1-97f6-0d00182f924f]: Assigning socketPath: \\?\pipe\C:\amazonclone\amazon-clone\functions\9232 {"metadata":{"emulator":{"name":"functions"},"message":"[worker-~diagnostic~-4a66f06e-88d3-48a1-97f6-0d00182f924f]: Assigning socketPath: \\\\?\\pipe\\C:\\amazonclone\\amazon-clone\\functions\\9232"}}
[debug] [2021-01-29T09:17:42.388Z] [worker-~diagnostic~-4a66f06e-88d3-48a1-97f6-0d00182f924f]: BUSY {"metadata":{"emulator":{"name":"functions"},"message":"[worker-~diagnostic~-4a66f06e-88d3-48a1-97f6-0d00182f924f]: BUSY"}}
[debug] [2021-01-29T09:17:44.711Z] [runtime-status] [9232] Functions runtime initialized. {"cwd":"C:\\amazonclone\\amazon-clone\\functions","node_version":"14.15.1"} {"metadata":{"emulator":{"name":"functions"},"message":"[runtime-status] [9232] Functions runtime initialized. {\"cwd\":\"C:\\\\amazonclone\\\\amazon-clone\\\\functions\",\"node_version\":\"14.15.1\"}"}}
[debug] [2021-01-29T09:17:44.732Z] [runtime-status] [9232] Disabled runtime features: undefined {"metadata":{"emulator":{"name":"functions"},"message":"[runtime-status] [9232] Disabled runtime features: undefined"}}
[debug] [2021-01-29T09:17:44.776Z] [runtime-status] [9232] Resolved module firebase-admin {"declared":true,"installed":true,"version":"9.4.2","resolution":"C:\\amazonclone\\amazon-clone\\functions\\node_modules\\firebase-admin\\lib\\index.js"} {"metadata":{"emulator":{"name":"functions"},"message":"[runtime-status] [9232] Resolved module firebase-admin {\"declared\":true,\"installed\":true,\"version\":\"9.4.2\",\"resolution\":\"C:\\\\amazonclone\\\\amazon-clone\\\\functions\\\\node_modules\\\\firebase-admin\\\\lib\\\\index.js\"}"}}
[debug] [2021-01-29T09:17:44.792Z] [runtime-status] [9232] Resolved module firebase-functions {"declared":true,"installed":true,"version":"3.13.1","resolution":"C:\\amazonclone\\amazon-clone\\functions\\node_modules\\firebase-functions\\lib\\index.js"} {"metadata":{"emulator":{"name":"functions"},"message":"[runtime-status] [9232] Resolved module firebase-functions {\"declared\":true,\"installed\":true,\"version\":\"3.13.1\",\"resolution\":\"C:\\\\amazonclone\\\\amazon-clone\\\\functions\\\\node_modules\\\\firebase-functions\\\\lib\\\\index.js\"}"}}
[debug] [2021-01-29T09:17:44.804Z] [runtime-status] [9232] Resolved module firebase-functions {"declared":true,"installed":true,"version":"3.13.1","resolution":"C:\\amazonclone\\amazon-clone\\functions\\node_modules\\firebase-functions\\lib\\index.js"} {"metadata":{"emulator":{"name":"functions"},"message":"[runtime-status] [9232] Resolved module firebase-functions {\"declared\":true,\"installed\":true,\"version\":\"3.13.1\",\"resolution\":\"C:\\\\amazonclone\\\\amazon-clone\\\\functions\\\\node_modules\\\\firebase-functions\\\\lib\\\\index.js\"}"}}
[debug] [2021-01-29T09:17:44.816Z] [runtime-status] [9232] Outgoing network have been stubbed. [{"name":"http","status":"mocked"},{"name":"http","status":"mocked"},{"name":"https","status":"mocked"},{"name":"https","status":"mocked"},{"name":"net","status":"mocked"}] {"metadata":{"emulator":{"name":"functions"},"message":"[runtime-status] [9232] Outgoing network have been stubbed. [{\"name\":\"http\",\"status\":\"mocked\"},{\"name\":\"http\",\"status\":\"mocked\"},{\"name\":\"https\",\"status\":\"mocked\"},{\"name\":\"https\",\"status\":\"mocked\"},{\"name\":\"net\",\"status\":\"mocked\"}]"}}
[debug] [2021-01-29T09:17:44.821Z] [runtime-status] [9232] Resolved module firebase-functions {"declared":true,"installed":true,"version":"3.13.1","resolution":"C:\\amazonclone\\amazon-clone\\functions\\node_modules\\firebase-functions\\lib\\index.js"} {"metadata":{"emulator":{"name":"functions"},"message":"[runtime-status] [9232] Resolved module firebase-functions {\"declared\":true,\"installed\":true,\"version\":\"3.13.1\",\"resolution\":\"C:\\\\amazonclone\\\\amazon-clone\\\\functions\\\\node_modules\\\\firebase-functions\\\\lib\\\\index.js\"}"}}
[debug] [2021-01-29T09:17:46.793Z] [runtime-status] [9232] Checked functions.config() {"config":{}} {"metadata":{"emulator":{"name":"functions"},"message":"[runtime-status] [9232] Checked functions.config() {\"config\":{}}"}}
[debug] [2021-01-29T09:17:46.796Z] [runtime-status] [9232] firebase-functions has been stubbed. {"functionsResolution":{"declared":true,"installed":true,"version":"3.13.1","resolution":"C:\\amazonclone\\amazon-clone\\functions\\node_modules\\firebase-functions\\lib\\index.js"}} {"metadata":{"emulator":{"name":"functions"},"message":"[runtime-status] [9232] firebase-functions has been stubbed. {\"functionsResolution\":{\"declared\":true,\"installed\":true,\"version\":\"3.13.1\",\"resolution\":\"C:\\\\amazonclone\\\\amazon-clone\\\\functions\\\\node_modules\\\\firebase-functions\\\\lib\\\\index.js\"}}"}}
[debug] [2021-01-29T09:17:46.801Z] [runtime-status] [9232] Resolved module firebase-functions {"declared":true,"installed":true,"version":"3.13.1","resolution":"C:\\amazonclone\\amazon-clone\\functions\\node_modules\\firebase-functions\\lib\\index.js"} {"metadata":{"emulator":{"name":"functions"},"message":"[runtime-status] [9232] Resolved module firebase-functions {\"declared\":true,\"installed\":true,\"version\":\"3.13.1\",\"resolution\":\"C:\\\\amazonclone\\\\amazon-clone\\\\functions\\\\node_modules\\\\firebase-functions\\\\lib\\\\index.js\"}"}}
[debug] [2021-01-29T09:17:46.813Z] [runtime-status] [9232] Resolved module firebase-admin {"declared":true,"installed":true,"version":"9.4.2","resolution":"C:\\amazonclone\\amazon-clone\\functions\\node_modules\\firebase-admin\\lib\\index.js"} {"metadata":{"emulator":{"name":"functions"},"message":"[runtime-status] [9232] Resolved module firebase-admin {\"declared\":true,\"installed\":true,\"version\":\"9.4.2\",\"resolution\":\"C:\\\\amazonclone\\\\amazon-clone\\\\functions\\\\node_modules\\\\firebase-admin\\\\lib\\\\index.js\"}"}}
[debug] [2021-01-29T09:17:46.818Z] [runtime-status] [9232] Resolved module firebase-functions {"declared":true,"installed":true,"version":"3.13.1","resolution":"C:\\amazonclone\\amazon-clone\\functions\\node_modules\\firebase-functions\\lib\\index.js"} {"metadata":{"emulator":{"name":"functions"},"message":"[runtime-status] [9232] Resolved module firebase-functions {\"declared\":true,\"installed\":true,\"version\":\"3.13.1\",\"resolution\":\"C:\\\\amazonclone\\\\amazon-clone\\\\functions\\\\node_modules\\\\firebase-functions\\\\lib\\\\index.js\"}"}}
[debug] [2021-01-29T09:17:46.820Z] [runtime-status] [9232] firebase-admin has been stubbed. {"adminResolution":{"declared":true,"installed":true,"version":"9.4.2","resolution":"C:\\amazonclone\\amazon-clone\\functions\\node_modules\\firebase-admin\\lib\\index.js"}} {"metadata":{"emulator":{"name":"functions"},"message":"[runtime-status] [9232] firebase-admin has been stubbed. {\"adminResolution\":{\"declared\":true,\"installed\":true,\"version\":\"9.4.2\",\"resolution\":\"C:\\\\amazonclone\\\\amazon-clone\\\\functions\\\\node_modules\\\\firebase-admin\\\\lib\\\\index.js\"}}"}}
[info] +  functions[api]: http function initialized (http://localhost:5001/challenge-9e937/us-central1/api). {"metadata":{"emulator":{"name":"functions"},"message":"\u001b[1mhttp\u001b[22m function initialized (http://localhost:5001/challenge-9e937/us-central1/api)."}}
[info] 
┌─────────────────────────────────────────────────────────────┐
│ ✔  All emulators ready! It is now safe to connect your app. │
│ i  View Emulator UI at http://localhost:4000                │
└─────────────────────────────────────────────────────────────┘

┌───────────┬────────────────┬─────────────────────────────────┐
│ Emulator  │ Host:Port      │ View in Emulator UI             │
├───────────┼────────────────┼─────────────────────────────────┤
│ Functions │ localhost:5001 │ http://localhost:4000/functions │
├───────────┼────────────────┼─────────────────────────────────┤
│ Hosting   │ localhost:5000 │ n/a                             │
└───────────┴────────────────┴─────────────────────────────────┘
  Emulator Hub running at localhost:4400
  Other reserved ports: 4500

Issues? Report them at https://github.com/firebase/firebase-tools/issues and attach the *-debug.log files.
 
[debug] [2021-01-29T09:17:52.301Z] [worker-~diagnostic~-4a66f06e-88d3-48a1-97f6-0d00182f924f]: IDLE {"metadata":{"emulator":{"name":"functions"},"message":"[worker-~diagnostic~-4a66f06e-88d3-48a1-97f6-0d00182f924f]: IDLE"}}
[debug] [2021-01-29T10:45:36.877Z] Received signal SIGHUP 1
